# JRE version: OpenJDK Runtime Environment (11.0.13) (build 11.0.13+0-b1751.21-8125866)
# Java VM: OpenJDK 64-Bit Server VM (11.0.13+0-b1751.21-8125866, mixed mode, tiered, compressed oops, g1 gc, windows-amd64)
Heap:
 garbage-first heap   total 157696K, used 132686K [0x0000000080000000, 0x0000000100000000)
  region size 1024K, 42 young (43008K), 6 survivors (6144K)
 Metaspace       used 119278K, capacity 122188K, committed 122448K, reserved 1177600K
  class space    used 15073K, capacity 16222K, committed 16288K, reserved 1048576K
GC Heap History (20 events):
Event: 35.854 GC heap before
{Heap before GC invocations=41 (full 0):
 garbage-first heap   total 157696K, used 128441K [0x0000000080000000, 0x0000000100000000)
  region size 1024K, 46 young (47104K), 1 survivors (1024K)
 Metaspace       used 97503K, capacity 99738K, committed 100048K, reserved 1136640K
  class space    used 12189K, capacity 13021K, committed 13088K, reserved 1048576K
}
Event: 35.859 GC heap after
{Heap after GC invocations=42 (full 0):
 garbage-first heap   total 157696K, used 82194K [0x0000000080000000, 0x0000000100000000)
  region size 1024K, 2 young (2048K), 2 survivors (2048K)
 Metaspace       used 97503K, capacity 99738K, committed 100048K, reserved 1136640K
  class space    used 12189K, capacity 13021K, committed 13088K, reserved 1048576K
}
Event: 36.958 GC heap before
{Heap before GC invocations=42 (full 0):
 garbage-first heap   total 157696K, used 127250K [0x0000000080000000, 0x0000000100000000)
  region size 1024K, 47 young (48128K), 2 survivors (2048K)
 Metaspace       used 100559K, capacity 102718K, committed 102992K, reserved 1138688K
  class space    used 12557K, capacity 13374K, committed 13472K, reserved 1048576K
}
Event: 36.965 GC heap after
{Heap after GC invocations=43 (full 0):
 garbage-first heap   total 157696K, used 84691K [0x0000000080000000, 0x0000000100000000)
  region size 1024K, 5 young (5120K), 5 survivors (5120K)
 Metaspace       used 100559K, capacity 102718K, committed 102992K, reserved 1138688K
  class space    used 12557K, capacity 13374K, committed 13472K, reserved 1048576K
}
Event: 39.724 GC heap before
{Heap before GC invocations=44 (full 0):
 garbage-first heap   total 157696K, used 128723K [0x0000000080000000, 0x0000000100000000)
  region size 1024K, 49 young (50176K), 5 survivors (5120K)
 Metaspace       used 105815K, capacity 108104K, committed 108240K, reserved 1146880K
  class space    used 13212K, capacity 14053K, committed 14112K, reserved 1048576K
}
Event: 39.750 GC heap after
{Heap after GC invocations=45 (full 0):
 garbage-first heap   total 157696K, used 88033K [0x0000000080000000, 0x0000000100000000)
  region size 1024K, 7 young (7168K), 7 survivors (7168K)
 Metaspace       used 105815K, capacity 108104K, committed 108240K, reserved 1146880K
  class space    used 13212K, capacity 14053K, committed 14112K, reserved 1048576K
}
Event: 40.928 GC heap before
{Heap before GC invocations=45 (full 0):
 garbage-first heap   total 157696K, used 130017K [0x0000000080000000, 0x0000000100000000)
  region size 1024K, 50 young (51200K), 7 survivors (7168K)
 Metaspace       used 106655K, capacity 108845K, committed 109136K, reserved 1146880K
  class space    used 13278K, capacity 14124K, committed 14240K, reserved 1048576K
}
Event: 40.939 GC heap after
{Heap after GC invocations=46 (full 0):
 garbage-first heap   total 157696K, used 89208K [0x0000000080000000, 0x0000000100000000)
  region size 1024K, 5 young (5120K), 5 survivors (5120K)
 Metaspace       used 106655K, capacity 108845K, committed 109136K, reserved 1146880K
  class space    used 13278K, capacity 14124K, committed 14240K, reserved 1048576K
}
Event: 41.432 GC heap before
{Heap before GC invocations=47 (full 0):
 garbage-first heap   total 157696K, used 131192K [0x0000000080000000, 0x0000000100000000)
  region size 1024K, 47 young (48128K), 5 survivors (5120K)
 Metaspace       used 106714K, capacity 108927K, committed 109136K, reserved 1146880K
  class space    used 13283K, capacity 14127K, committed 14240K, reserved 1048576K
}
Event: 41.440 GC heap after
{Heap after GC invocations=48 (full 0):
 garbage-first heap   total 157696K, used 89319K [0x0000000080000000, 0x0000000100000000)
  region size 1024K, 2 young (2048K), 2 survivors (2048K)
 Metaspace       used 106714K, capacity 108927K, committed 109136K, reserved 1146880K
  class space    used 13283K, capacity 14127K, committed 14240K, reserved 1048576K
}
Event: 41.969 GC heap before
{Heap before GC invocations=48 (full 0):
 garbage-first heap   total 157696K, used 132327K [0x0000000080000000, 0x0000000100000000)
  region size 1024K, 45 young (46080K), 2 survivors (2048K)
 Metaspace       used 106850K, capacity 109120K, committed 109392K, reserved 1146880K
  class space    used 13295K, capacity 14127K, committed 14240K, reserved 1048576K
}
Event: 41.972 GC heap after
{Heap after GC invocations=49 (full 0):
 garbage-first heap   total 157696K, used 89156K [0x0000000080000000, 0x0000000100000000)
  region size 1024K, 2 young (2048K), 2 survivors (2048K)
 Metaspace       used 106850K, capacity 109120K, committed 109392K, reserved 1146880K
  class space    used 13295K, capacity 14127K, committed 14240K, reserved 1048576K
}
Event: 42.554 GC heap before
{Heap before GC invocations=50 (full 0):
 garbage-first heap   total 157696K, used 132164K [0x0000000080000000, 0x0000000100000000)
  region size 1024K, 45 young (46080K), 2 survivors (2048K)
 Metaspace       used 106879K, capacity 109121K, committed 109392K, reserved 1146880K
  class space    used 13295K, capacity 14127K, committed 14240K, reserved 1048576K
}
Event: 42.557 GC heap after
{Heap after GC invocations=51 (full 0):
 garbage-first heap   total 157696K, used 89630K [0x0000000080000000, 0x0000000100000000)
  region size 1024K, 2 young (2048K), 2 survivors (2048K)
 Metaspace       used 106879K, capacity 109121K, committed 109392K, reserved 1146880K
  class space    used 13295K, capacity 14127K, committed 14240K, reserved 1048576K
}
Event: 45.661 GC heap before
{Heap before GC invocations=51 (full 0):
 garbage-first heap   total 157696K, used 133662K [0x0000000080000000, 0x0000000100000000)
  region size 1024K, 46 young (47104K), 2 survivors (2048K)
 Metaspace       used 107970K, capacity 110370K, committed 110544K, reserved 1148928K
  class space    used 13376K, capacity 14262K, committed 14368K, reserved 1048576K
}
Event: 45.667 GC heap after
{Heap after GC invocations=52 (full 0):
 garbage-first heap   total 157696K, used 91583K [0x0000000080000000, 0x0000000100000000)
  region size 1024K, 4 young (4096K), 4 survivors (4096K)
 Metaspace       used 107970K, capacity 110370K, committed 110544K, reserved 1148928K
  class space    used 13376K, capacity 14262K, committed 14368K, reserved 1048576K
}
Event: 47.775 GC heap before
{Heap before GC invocations=53 (full 0):
 garbage-first heap   total 157696K, used 133567K [0x0000000080000000, 0x0000000100000000)
  region size 1024K, 46 young (47104K), 4 survivors (4096K)
 Metaspace       used 110636K, capacity 113113K, committed 113232K, reserved 1150976K
  class space    used 13740K, capacity 14669K, committed 14752K, reserved 1048576K
}
Event: 47.785 GC heap after
{Heap after GC invocations=54 (full 0):
 garbage-first heap   total 157696K, used 93765K [0x0000000080000000, 0x0000000100000000)
  region size 1024K, 6 young (6144K), 6 survivors (6144K)
 Metaspace       used 110636K, capacity 113113K, committed 113232K, reserved 1150976K
  class space    used 13740K, capacity 14669K, committed 14752K, reserved 1048576K
}
Event: 48.599 GC heap before
{Heap before GC invocations=54 (full 0):
 garbage-first heap   total 157696K, used 133701K [0x0000000080000000, 0x0000000100000000)
  region size 1024K, 45 young (46080K), 6 survivors (6144K)
 Metaspace       used 115960K, capacity 118763K, committed 118992K, reserved 1173504K
  class space    used 14546K, capacity 15639K, committed 15648K, reserved 1048576K
}
Event: 48.614 GC heap after
{Heap after GC invocations=55 (full 0):
 garbage-first heap   total 157696K, used 96846K [0x0000000080000000, 0x0000000100000000)
  region size 1024K, 6 young (6144K), 6 survivors (6144K)
 Metaspace       used 115960K, capacity 118763K, committed 118992K, reserved 1173504K
  class space    used 14546K, capacity 15639K, committed 15648K, reserved 1048576K
}

