# JRE version: OpenJDK Runtime Environment (11.0.13) (build 11.0.13+0-b1751.21-8125866)
# Java VM: OpenJDK 64-Bit Server VM (11.0.13+0-b1751.21-8125866, mixed mode, tiered, compressed oops, g1 gc, windows-amd64)
Heap:
 garbage-first heap   total 157696K, used 113406K [0x0000000080000000, 0x0000000100000000)
  region size 1024K, 27 young (27648K), 3 survivors (3072K)
 Metaspace       used 106777K, capacity 109581K, committed 110160K, reserved 1144832K
  class space    used 13709K, capacity 14802K, committed 15104K, reserved 1048576K
GC Heap History (20 events):
Event: 33.920 GC heap before
{Heap before GC invocations=20 (full 0):
 garbage-first heap   total 157696K, used 127205K [0x0000000080000000, 0x0000000100000000)
  region size 1024K, 63 young (64512K), 8 survivors (8192K)
 Metaspace       used 85817K, capacity 87882K, committed 88144K, reserved 1126400K
  class space    used 11127K, capacity 11909K, committed 12032K, reserved 1048576K
}
Event: 33.936 GC heap after
{Heap after GC invocations=21 (full 0):
 garbage-first heap   total 157696K, used 76027K [0x0000000080000000, 0x0000000100000000)
  region size 1024K, 8 young (8192K), 8 survivors (8192K)
 Metaspace       used 85817K, capacity 87882K, committed 88144K, reserved 1126400K
  class space    used 11127K, capacity 11909K, committed 12032K, reserved 1048576K
}
Event: 35.696 GC heap before
{Heap before GC invocations=21 (full 0):
 garbage-first heap   total 157696K, used 128251K [0x0000000080000000, 0x0000000100000000)
  region size 1024K, 60 young (61440K), 8 survivors (8192K)
 Metaspace       used 87840K, capacity 89970K, committed 90064K, reserved 1128448K
  class space    used 11266K, capacity 12072K, committed 12160K, reserved 1048576K
}
Event: 35.711 GC heap after
{Heap after GC invocations=22 (full 0):
 garbage-first heap   total 157696K, used 80053K [0x0000000080000000, 0x0000000100000000)
  region size 1024K, 8 young (8192K), 8 survivors (8192K)
 Metaspace       used 87840K, capacity 89970K, committed 90064K, reserved 1128448K
  class space    used 11266K, capacity 12072K, committed 12160K, reserved 1048576K
}
Event: 36.554 GC heap before
{Heap before GC invocations=22 (full 0):
 garbage-first heap   total 157696K, used 129205K [0x0000000080000000, 0x0000000100000000)
  region size 1024K, 57 young (58368K), 8 survivors (8192K)
 Metaspace       used 90437K, capacity 92545K, committed 92752K, reserved 1130496K
  class space    used 11632K, capacity 12429K, committed 12544K, reserved 1048576K
}
Event: 36.571 GC heap after
{Heap after GC invocations=23 (full 0):
 garbage-first heap   total 157696K, used 82265K [0x0000000080000000, 0x0000000100000000)
  region size 1024K, 6 young (6144K), 6 survivors (6144K)
 Metaspace       used 90437K, capacity 92545K, committed 92752K, reserved 1130496K
  class space    used 11632K, capacity 12429K, committed 12544K, reserved 1048576K
}
Event: 37.323 GC heap before
{Heap before GC invocations=24 (full 0):
 garbage-first heap   total 157696K, used 130393K [0x0000000080000000, 0x0000000100000000)
  region size 1024K, 54 young (55296K), 6 survivors (6144K)
 Metaspace       used 95264K, capacity 97449K, committed 97744K, reserved 1134592K
  class space    used 12252K, capacity 13071K, committed 13184K, reserved 1048576K
}
Event: 37.343 GC heap after
{Heap after GC invocations=25 (full 0):
 garbage-first heap   total 157696K, used 85730K [0x0000000080000000, 0x0000000100000000)
  region size 1024K, 6 young (6144K), 6 survivors (6144K)
 Metaspace       used 95264K, capacity 97449K, committed 97744K, reserved 1134592K
  class space    used 12252K, capacity 13071K, committed 13184K, reserved 1048576K
}
Event: 38.255 GC heap before
{Heap before GC invocations=25 (full 0):
 garbage-first heap   total 157696K, used 130786K [0x0000000080000000, 0x0000000100000000)
  region size 1024K, 51 young (52224K), 6 survivors (6144K)
 Metaspace       used 102194K, capacity 104807K, committed 104912K, reserved 1140736K
  class space    used 13329K, capacity 14382K, committed 14464K, reserved 1048576K
}
Event: 38.275 GC heap after
{Heap after GC invocations=26 (full 0):
 garbage-first heap   total 157696K, used 89041K [0x0000000080000000, 0x0000000100000000)
  region size 1024K, 4 young (4096K), 4 survivors (4096K)
 Metaspace       used 102194K, capacity 104807K, committed 104912K, reserved 1140736K
  class space    used 13329K, capacity 14382K, committed 14464K, reserved 1048576K
}
Event: 39.039 GC heap before
{Heap before GC invocations=27 (full 0):
 garbage-first heap   total 157696K, used 132049K [0x0000000080000000, 0x0000000100000000)
  region size 1024K, 46 young (47104K), 4 survivors (4096K)
 Metaspace       used 104121K, capacity 106865K, committed 107216K, reserved 1142784K
  class space    used 13524K, capacity 14608K, committed 14720K, reserved 1048576K
}
Event: 39.048 GC heap after
{Heap after GC invocations=28 (full 0):
 garbage-first heap   total 157696K, used 89539K [0x0000000080000000, 0x0000000100000000)
  region size 1024K, 1 young (1024K), 1 survivors (1024K)
 Metaspace       used 104121K, capacity 106865K, committed 107216K, reserved 1142784K
  class space    used 13524K, capacity 14608K, committed 14720K, reserved 1048576K
}
Event: 40.200 GC heap before
{Heap before GC invocations=28 (full 0):
 garbage-first heap   total 157696K, used 133571K [0x0000000080000000, 0x0000000100000000)
  region size 1024K, 44 young (45056K), 1 survivors (1024K)
 Metaspace       used 106143K, capacity 109132K, committed 109264K, reserved 1144832K
  class space    used 13766K, capacity 14930K, committed 14976K, reserved 1048576K
}
Event: 40.208 GC heap after
{Heap after GC invocations=29 (full 0):
 garbage-first heap   total 157696K, used 89899K [0x0000000080000000, 0x0000000100000000)
  region size 1024K, 2 young (2048K), 2 survivors (2048K)
 Metaspace       used 106143K, capacity 109132K, committed 109264K, reserved 1144832K
  class space    used 13766K, capacity 14930K, committed 14976K, reserved 1048576K
}
Event: 41.350 GC heap before
{Heap before GC invocations=30 (full 0):
 garbage-first heap   total 157696K, used 133931K [0x0000000080000000, 0x0000000100000000)
  region size 1024K, 45 young (46080K), 2 survivors (2048K)
 Metaspace       used 106268K, capacity 109063K, committed 109776K, reserved 1144832K
  class space    used 13686K, capacity 14756K, committed 14976K, reserved 1048576K
}
Event: 41.357 GC heap after
{Heap after GC invocations=31 (full 0):
 garbage-first heap   total 157696K, used 90210K [0x0000000080000000, 0x0000000100000000)
  region size 1024K, 2 young (2048K), 2 survivors (2048K)
 Metaspace       used 106268K, capacity 109063K, committed 109776K, reserved 1144832K
  class space    used 13686K, capacity 14756K, committed 14976K, reserved 1048576K
}
Event: 42.014 GC heap before
{Heap before GC invocations=31 (full 0):
 garbage-first heap   total 157696K, used 133218K [0x0000000080000000, 0x0000000100000000)
  region size 1024K, 45 young (46080K), 2 survivors (2048K)
 Metaspace       used 106517K, capacity 109328K, committed 109904K, reserved 1144832K
  class space    used 13701K, capacity 14792K, committed 15104K, reserved 1048576K
}
Event: 42.025 GC heap after
{Heap after GC invocations=32 (full 0):
 garbage-first heap   total 157696K, used 91200K [0x0000000080000000, 0x0000000100000000)
  region size 1024K, 3 young (3072K), 3 survivors (3072K)
 Metaspace       used 106517K, capacity 109328K, committed 109904K, reserved 1144832K
  class space    used 13701K, capacity 14792K, committed 15104K, reserved 1048576K
}
Event: 42.567 GC heap before
{Heap before GC invocations=33 (full 0):
 garbage-first heap   total 157696K, used 133184K [0x0000000080000000, 0x0000000100000000)
  region size 1024K, 45 young (46080K), 3 survivors (3072K)
 Metaspace       used 106664K, capacity 109486K, committed 110160K, reserved 1144832K
  class space    used 13707K, capacity 14799K, committed 15104K, reserved 1048576K
}
Event: 42.575 GC heap after
{Heap after GC invocations=34 (full 0):
 garbage-first heap   total 157696K, used 90878K [0x0000000080000000, 0x0000000100000000)
  region size 1024K, 3 young (3072K), 3 survivors (3072K)
 Metaspace       used 106664K, capacity 109486K, committed 110160K, reserved 1144832K
  class space    used 13707K, capacity 14799K, committed 15104K, reserved 1048576K
}

